<?xml version="1.0" encoding="UTF-8"?>
<coverage generated="1524272988379" clover="3.2.0">
  <project timestamp="1524272988379" name="All files">
    <metrics statements="55" coveredstatements="19" conditionals="32" coveredconditionals="1" methods="25" coveredmethods="4" elements="112" coveredelements="24" complexity="0" loc="55" ncloc="55" packages="2" files="9" classes="9">
      <package name="client.src.components">
        <metrics statements="51" coveredstatements="15" conditionals="32" coveredconditionals="1" methods="25" coveredmethods="4"/>
        <file name="App.jsx" path="/Users/michaelye/CODE/update-module FEC/client/src/components/App.jsx">
          <metrics statements="26" coveredstatements="7" conditionals="14" coveredconditionals="1" methods="8" coveredmethods="3"/>
          <line num="8" count="2" type="stmt"/>
          <line num="9" count="2" type="stmt"/>
          <line num="62" count="2" type="stmt"/>
          <line num="66" count="0" type="stmt"/>
          <line num="67" count="0" type="stmt"/>
          <line num="69" count="0" type="stmt"/>
          <line num="70" count="0" type="stmt"/>
          <line num="71" count="0" type="stmt"/>
          <line num="72" count="0" type="cond" truecount="0" falsecount="4"/>
          <line num="74" count="0" type="stmt"/>
          <line num="75" count="0" type="cond" truecount="0" falsecount="2"/>
          <line num="76" count="0" type="stmt"/>
          <line num="77" count="0" type="cond" truecount="0" falsecount="2"/>
          <line num="78" count="0" type="stmt"/>
          <line num="80" count="0" type="cond" truecount="0" falsecount="2"/>
          <line num="81" count="0" type="stmt"/>
          <line num="87" count="0" type="stmt"/>
          <line num="112" count="2" type="stmt"/>
          <line num="113" count="2" type="cond" truecount="1" falsecount="1"/>
          <line num="114" count="2" type="stmt"/>
          <line num="115" count="0" type="cond" truecount="0" falsecount="2"/>
          <line num="116" count="0" type="stmt"/>
          <line num="118" count="0" type="stmt"/>
          <line num="123" count="2" type="stmt"/>
          <line num="126" count="0" type="stmt"/>
          <line num="127" count="0" type="stmt"/>
        </file>
        <file name="CommentItem.jsx" path="/Users/michaelye/CODE/update-module FEC/client/src/components/CommentItem.jsx">
          <metrics statements="2" coveredstatements="1" conditionals="0" coveredconditionals="0" methods="1" coveredmethods="0"/>
          <line num="4" count="1" type="stmt"/>
          <line num="5" count="0" type="stmt"/>
        </file>
        <file name="CommentsFeed.jsx" path="/Users/michaelye/CODE/update-module FEC/client/src/components/CommentsFeed.jsx">
          <metrics statements="3" coveredstatements="1" conditionals="0" coveredconditionals="0" methods="2" coveredmethods="0"/>
          <line num="4" count="1" type="stmt"/>
          <line num="5" count="0" type="stmt"/>
          <line num="12" count="0" type="stmt"/>
        </file>
        <file name="UpdateListItem.jsx" path="/Users/michaelye/CODE/update-module FEC/client/src/components/UpdateListItem.jsx">
          <metrics statements="8" coveredstatements="1" conditionals="10" coveredconditionals="0" methods="4" coveredmethods="0"/>
          <line num="4" count="1" type="stmt"/>
          <line num="5" count="0" type="stmt"/>
          <line num="12" count="0" type="cond" truecount="0" falsecount="2"/>
          <line num="13" count="0" type="cond" truecount="0" falsecount="2"/>
          <line num="14" count="0" type="stmt"/>
          <line num="17" count="0" type="cond" truecount="0" falsecount="2"/>
          <line num="18" count="0" type="cond" truecount="0" falsecount="2"/>
          <line num="19" count="0" type="stmt"/>
        </file>
        <file name="UpdatePostCommentFeed.jsx" path="/Users/michaelye/CODE/update-module FEC/client/src/components/UpdatePostCommentFeed.jsx">
          <metrics statements="3" coveredstatements="1" conditionals="0" coveredconditionals="0" methods="2" coveredmethods="0"/>
          <line num="4" count="1" type="stmt"/>
          <line num="5" count="0" type="stmt"/>
          <line num="8" count="0" type="stmt"/>
        </file>
        <file name="UpdatePostCommentItem.jsx" path="/Users/michaelye/CODE/update-module FEC/client/src/components/UpdatePostCommentItem.jsx">
          <metrics statements="2" coveredstatements="1" conditionals="0" coveredconditionals="0" methods="1" coveredmethods="0"/>
          <line num="4" count="1" type="stmt"/>
          <line num="5" count="0" type="stmt"/>
        </file>
        <file name="UpdatePostView.jsx" path="/Users/michaelye/CODE/update-module FEC/client/src/components/UpdatePostView.jsx">
          <metrics statements="4" coveredstatements="1" conditionals="8" coveredconditionals="0" methods="5" coveredmethods="0"/>
          <line num="5" count="1" type="stmt"/>
          <line num="6" count="0" type="stmt"/>
          <line num="16" count="0" type="cond" truecount="0" falsecount="2"/>
          <line num="17" count="0" type="cond" truecount="0" falsecount="2"/>
        </file>
        <file name="Updates.jsx" path="/Users/michaelye/CODE/update-module FEC/client/src/components/Updates.jsx">
          <metrics statements="3" coveredstatements="2" conditionals="0" coveredconditionals="0" methods="2" coveredmethods="1"/>
          <line num="5" count="1" type="stmt"/>
          <line num="6" count="2" type="stmt"/>
          <line num="7" count="0" type="stmt"/>
        </file>
      </package>
      <package name="test">
        <metrics statements="4" coveredstatements="4" conditionals="0" coveredconditionals="0" methods="0" coveredmethods="0"/>
        <file name="jestsetup.js" path="/Users/michaelye/CODE/update-module FEC/test/jestsetup.js">
          <metrics statements="4" coveredstatements="4" conditionals="0" coveredconditionals="0" methods="0" coveredmethods="0"/>
          <line num="4" count="1" type="stmt"/>
          <line num="6" count="1" type="stmt"/>
          <line num="7" count="1" type="stmt"/>
          <line num="8" count="1" type="stmt"/>
        </file>
      </package>
    </metrics>
  </project>
</coverage>
