<?xml version="1.0" encoding="UTF-8"?>
<coverage generated="1524608292436" clover="3.2.0">
  <project timestamp="1524608292436" name="All files">
    <metrics statements="73" coveredstatements="37" conditionals="42" coveredconditionals="8" methods="31" coveredmethods="9" elements="146" coveredelements="54" complexity="0" loc="73" ncloc="73" packages="2" files="9" classes="9">
      <package name="client.src.components">
        <metrics statements="69" coveredstatements="33" conditionals="42" coveredconditionals="8" methods="31" coveredmethods="9"/>
        <file name="App.jsx" path="/Users/michaelye/code/hr-fec/update-module FEC/client/src/components/App.jsx">
          <metrics statements="31" coveredstatements="20" conditionals="14" coveredconditionals="8" methods="11" coveredmethods="5"/>
          <line num="10" count="4" type="stmt"/>
          <line num="11" count="4" type="stmt"/>
          <line num="22" count="4" type="stmt"/>
          <line num="26" count="2" type="stmt"/>
          <line num="27" count="2" type="stmt"/>
          <line num="29" count="2" type="stmt"/>
          <line num="30" count="2" type="stmt"/>
          <line num="31" count="2" type="stmt"/>
          <line num="32" count="2" type="cond" truecount="4" falsecount="0"/>
          <line num="34" count="1" type="stmt"/>
          <line num="35" count="0" type="cond" truecount="0" falsecount="2"/>
          <line num="36" count="0" type="stmt"/>
          <line num="37" count="0" type="cond" truecount="0" falsecount="2"/>
          <line num="38" count="0" type="stmt"/>
          <line num="40" count="0" type="cond" truecount="0" falsecount="2"/>
          <line num="41" count="0" type="stmt"/>
          <line num="47" count="2" type="stmt"/>
          <line num="58" count="4" type="stmt"/>
          <line num="59" count="4" type="stmt"/>
          <line num="61" count="0" type="stmt"/>
          <line num="62" count="0" type="stmt"/>
          <line num="69" count="0" type="stmt"/>
          <line num="74" count="6" type="stmt"/>
          <line num="75" count="6" type="cond" truecount="2" falsecount="0"/>
          <line num="76" count="4" type="stmt"/>
          <line num="77" count="2" type="cond" truecount="2" falsecount="0"/>
          <line num="78" count="1" type="stmt"/>
          <line num="80" count="1" type="stmt"/>
          <line num="85" count="6" type="stmt"/>
          <line num="88" count="0" type="stmt"/>
          <line num="89" count="0" type="stmt"/>
        </file>
        <file name="CommentItem.jsx" path="/Users/michaelye/code/hr-fec/update-module FEC/client/src/components/CommentItem.jsx">
          <metrics statements="2" coveredstatements="1" conditionals="0" coveredconditionals="0" methods="1" coveredmethods="0"/>
          <line num="4" count="1" type="stmt"/>
          <line num="5" count="0" type="stmt"/>
        </file>
        <file name="CommentsFeed.jsx" path="/Users/michaelye/code/hr-fec/update-module FEC/client/src/components/CommentsFeed.jsx">
          <metrics statements="3" coveredstatements="2" conditionals="0" coveredconditionals="0" methods="2" coveredmethods="1"/>
          <line num="4" count="1" type="stmt"/>
          <line num="5" count="1" type="stmt"/>
          <line num="15" count="0" type="stmt"/>
        </file>
        <file name="UpdateListItem.jsx" path="/Users/michaelye/code/hr-fec/update-module FEC/client/src/components/UpdateListItem.jsx">
          <metrics statements="14" coveredstatements="1" conditionals="18" coveredconditionals="0" methods="5" coveredmethods="0"/>
          <line num="4" count="1" type="stmt"/>
          <line num="5" count="0" type="stmt"/>
          <line num="7" count="0" type="cond" truecount="0" falsecount="2"/>
          <line num="10" count="0" type="cond" truecount="0" falsecount="2"/>
          <line num="11" count="0" type="stmt"/>
          <line num="12" count="0" type="cond" truecount="0" falsecount="2"/>
          <line num="13" count="0" type="stmt"/>
          <line num="15" count="0" type="stmt"/>
          <line num="22" count="0" type="cond" truecount="0" falsecount="2"/>
          <line num="23" count="0" type="cond" truecount="0" falsecount="2"/>
          <line num="24" count="0" type="stmt"/>
          <line num="28" count="0" type="cond" truecount="0" falsecount="2"/>
          <line num="29" count="0" type="cond" truecount="0" falsecount="2"/>
          <line num="30" count="0" type="stmt"/>
        </file>
        <file name="UpdatePostCommentFeed.jsx" path="/Users/michaelye/code/hr-fec/update-module FEC/client/src/components/UpdatePostCommentFeed.jsx">
          <metrics statements="3" coveredstatements="1" conditionals="0" coveredconditionals="0" methods="2" coveredmethods="0"/>
          <line num="4" count="1" type="stmt"/>
          <line num="5" count="0" type="stmt"/>
          <line num="10" count="0" type="stmt"/>
        </file>
        <file name="UpdatePostCommentItem.jsx" path="/Users/michaelye/code/hr-fec/update-module FEC/client/src/components/UpdatePostCommentItem.jsx">
          <metrics statements="2" coveredstatements="1" conditionals="0" coveredconditionals="0" methods="1" coveredmethods="0"/>
          <line num="4" count="1" type="stmt"/>
          <line num="5" count="0" type="stmt"/>
        </file>
        <file name="UpdatePostView.jsx" path="/Users/michaelye/code/hr-fec/update-module FEC/client/src/components/UpdatePostView.jsx">
          <metrics statements="4" coveredstatements="2" conditionals="8" coveredconditionals="0" methods="5" coveredmethods="1"/>
          <line num="5" count="1" type="stmt"/>
          <line num="6" count="1" type="stmt"/>
          <line num="16" count="0" type="cond" truecount="0" falsecount="2"/>
          <line num="17" count="0" type="cond" truecount="0" falsecount="2"/>
        </file>
        <file name="Updates.jsx" path="/Users/michaelye/code/hr-fec/update-module FEC/client/src/components/Updates.jsx">
          <metrics statements="10" coveredstatements="5" conditionals="2" coveredconditionals="0" methods="4" coveredmethods="2"/>
          <line num="5" count="1" type="stmt"/>
          <line num="6" count="2" type="stmt"/>
          <line num="8" count="2" type="stmt"/>
          <line num="10" count="2" type="stmt"/>
          <line num="11" count="0" type="cond" truecount="0" falsecount="2"/>
          <line num="12" count="0" type="stmt"/>
          <line num="14" count="0" type="stmt"/>
          <line num="18" count="2" type="stmt"/>
          <line num="19" count="0" type="stmt"/>
          <line num="20" count="0" type="stmt"/>
        </file>
      </package>
      <package name="test">
        <metrics statements="4" coveredstatements="4" conditionals="0" coveredconditionals="0" methods="0" coveredmethods="0"/>
        <file name="jestsetup.js" path="/Users/michaelye/code/hr-fec/update-module FEC/test/jestsetup.js">
          <metrics statements="4" coveredstatements="4" conditionals="0" coveredconditionals="0" methods="0" coveredmethods="0"/>
          <line num="4" count="1" type="stmt"/>
          <line num="6" count="1" type="stmt"/>
          <line num="7" count="1" type="stmt"/>
          <line num="8" count="1" type="stmt"/>
        </file>
      </package>
    </metrics>
  </project>
</coverage>
