{"/Users/michaelye/code/hr-fec/update-module/client/src/components/App.jsx": {"path":"/Users/michaelye/code/hr-fec/update-module/client/src/components/App.jsx","statementMap":{"0":{"start":{"line":10,"column":8},"end":{"line":10,"column":21}},"1":{"start":{"line":11,"column":8},"end":{"line":22,"column":9}},"2":{"start":{"line":23,"column":8},"end":{"line":23,"column":53}},"3":{"start":{"line":27,"column":24},"end":{"line":27,"column":42}},"4":{"start":{"line":28,"column":8},"end":{"line":28,"column":36}},"5":{"start":{"line":30,"column":23},"end":{"line":30,"column":27}},"6":{"start":{"line":31,"column":19},"end":{"line":31,"column":23}},"7":{"start":{"line":32,"column":22},"end":{"line":32,"column":26}},"8":{"start":{"line":33,"column":8},"end":{"line":46,"column":9}},"9":{"start":{"line":35,"column":12},"end":{"line":45,"column":13}},"10":{"start":{"line":36,"column":16},"end":{"line":44,"column":17}},"11":{"start":{"line":37,"column":20},"end":{"line":37,"column":41}},"12":{"start":{"line":38,"column":20},"end":{"line":40,"column":21}},"13":{"start":{"line":39,"column":24},"end":{"line":39,"column":56}},"14":{"start":{"line":41,"column":20},"end":{"line":43,"column":21}},"15":{"start":{"line":42,"column":24},"end":{"line":42,"column":52}},"16":{"start":{"line":48,"column":8},"end":{"line":55,"column":10}},"17":{"start":{"line":59,"column":24},"end":{"line":59,"column":28}},"18":{"start":{"line":61,"column":8},"end":{"line":72,"column":15}},"19":{"start":{"line":63,"column":16},"end":{"line":63,"column":52}},"20":{"start":{"line":64,"column":16},"end":{"line":68,"column":19}},"21":{"start":{"line":71,"column":16},"end":{"line":71,"column":35}},"22":{"start":{"line":76,"column":37},"end":{"line":76,"column":47}},"23":{"start":{"line":77,"column":8},"end":{"line":83,"column":9}},"24":{"start":{"line":78,"column":12},"end":{"line":78,"column":163}},"25":{"start":{"line":78,"column":141},"end":{"line":78,"column":159}},"26":{"start":{"line":79,"column":15},"end":{"line":83,"column":9}},"27":{"start":{"line":80,"column":12},"end":{"line":80,"column":66}},"28":{"start":{"line":82,"column":12},"end":{"line":82,"column":129}},"29":{"start":{"line":82,"column":107},"end":{"line":82,"column":125}},"30":{"start":{"line":87,"column":8},"end":{"line":97,"column":9}}},"fnMap":{"0":{"name":"(anonymous_0)","decl":{"start":{"line":9,"column":4},"end":{"line":9,"column":5}},"loc":{"start":{"line":9,"column":23},"end":{"line":24,"column":5}},"line":9},"1":{"name":"(anonymous_1)","decl":{"start":{"line":26,"column":4},"end":{"line":26,"column":5}},"loc":{"start":{"line":26,"column":23},"end":{"line":56,"column":5}},"line":26},"2":{"name":"(anonymous_2)","decl":{"start":{"line":58,"column":4},"end":{"line":58,"column":5}},"loc":{"start":{"line":58,"column":24},"end":{"line":73,"column":5}},"line":58},"3":{"name":"(anonymous_3)","decl":{"start":{"line":62,"column":18},"end":{"line":62,"column":19}},"loc":{"start":{"line":62,"column":32},"end":{"line":69,"column":13}},"line":62},"4":{"name":"(anonymous_4)","decl":{"start":{"line":70,"column":19},"end":{"line":70,"column":20}},"loc":{"start":{"line":70,"column":30},"end":{"line":72,"column":13}},"line":70},"5":{"name":"(anonymous_5)","decl":{"start":{"line":75,"column":4},"end":{"line":75,"column":5}},"loc":{"start":{"line":75,"column":17},"end":{"line":84,"column":5}},"line":75},"6":{"name":"(anonymous_6)","decl":{"start":{"line":78,"column":134},"end":{"line":78,"column":135}},"loc":{"start":{"line":78,"column":141},"end":{"line":78,"column":159}},"line":78},"7":{"name":"(anonymous_7)","decl":{"start":{"line":82,"column":100},"end":{"line":82,"column":101}},"loc":{"start":{"line":82,"column":107},"end":{"line":82,"column":125}},"line":82},"8":{"name":"(anonymous_8)","decl":{"start":{"line":86,"column":4},"end":{"line":86,"column":5}},"loc":{"start":{"line":86,"column":13},"end":{"line":98,"column":5}},"line":86}},"branchMap":{"0":{"loc":{"start":{"line":12,"column":23},"end":{"line":12,"column":43}},"type":"binary-expr","locations":[{"start":{"line":12,"column":23},"end":{"line":12,"column":38}},{"start":{"line":12,"column":42},"end":{"line":12,"column":43}}],"line":12},"1":{"loc":{"start":{"line":33,"column":8},"end":{"line":46,"column":9}},"type":"if","locations":[{"start":{"line":33,"column":8},"end":{"line":46,"column":9}},{"start":{"line":33,"column":8},"end":{"line":46,"column":9}}],"line":33},"2":{"loc":{"start":{"line":33,"column":12},"end":{"line":33,"column":57}},"type":"binary-expr","locations":[{"start":{"line":33,"column":12},"end":{"line":33,"column":32}},{"start":{"line":33,"column":36},"end":{"line":33,"column":57}}],"line":33},"3":{"loc":{"start":{"line":36,"column":16},"end":{"line":44,"column":17}},"type":"if","locations":[{"start":{"line":36,"column":16},"end":{"line":44,"column":17}},{"start":{"line":36,"column":16},"end":{"line":44,"column":17}}],"line":36},"4":{"loc":{"start":{"line":38,"column":20},"end":{"line":40,"column":21}},"type":"if","locations":[{"start":{"line":38,"column":20},"end":{"line":40,"column":21}},{"start":{"line":38,"column":20},"end":{"line":40,"column":21}}],"line":38},"5":{"loc":{"start":{"line":41,"column":20},"end":{"line":43,"column":21}},"type":"if","locations":[{"start":{"line":41,"column":20},"end":{"line":43,"column":21}},{"start":{"line":41,"column":20},"end":{"line":43,"column":21}}],"line":41},"6":{"loc":{"start":{"line":77,"column":8},"end":{"line":83,"column":9}},"type":"if","locations":[{"start":{"line":77,"column":8},"end":{"line":83,"column":9}},{"start":{"line":77,"column":8},"end":{"line":83,"column":9}}],"line":77},"7":{"loc":{"start":{"line":79,"column":15},"end":{"line":83,"column":9}},"type":"if","locations":[{"start":{"line":79,"column":15},"end":{"line":83,"column":9}},{"start":{"line":79,"column":15},"end":{"line":83,"column":9}}],"line":79}},"s":{"0":4,"1":4,"2":4,"3":2,"4":2,"5":2,"6":2,"7":2,"8":2,"9":1,"10":1,"11":1,"12":1,"13":0,"14":1,"15":0,"16":2,"17":4,"18":4,"19":0,"20":0,"21":0,"22":7,"23":7,"24":5,"25":0,"26":2,"27":1,"28":1,"29":0,"30":7},"f":{"0":4,"1":2,"2":4,"3":0,"4":0,"5":7,"6":0,"7":0,"8":7},"b":{"0":[4,4],"1":[1,1],"2":[2,2],"3":[1,0],"4":[0,1],"5":[0,1],"6":[5,2],"7":[1,1]},"_coverageSchema":"332fd63041d2c1bcb487cc26dd0d5f7d97098a6c","hash":"0737295f9acd3c3799d949b029f724981b14940b"}
,"/Users/michaelye/code/hr-fec/update-module/client/src/components/CommentItem.jsx": {"path":"/Users/michaelye/code/hr-fec/update-module/client/src/components/CommentItem.jsx","statementMap":{"0":{"start":{"line":4,"column":20},"end":{"line":14,"column":1}},"1":{"start":{"line":5,"column":4},"end":{"line":13,"column":10}}},"fnMap":{"0":{"name":"(anonymous_0)","decl":{"start":{"line":4,"column":20},"end":{"line":4,"column":21}},"loc":{"start":{"line":5,"column":4},"end":{"line":13,"column":10}},"line":5}},"branchMap":{},"s":{"0":1,"1":0},"f":{"0":0},"b":{},"_coverageSchema":"332fd63041d2c1bcb487cc26dd0d5f7d97098a6c","hash":"93bd3a4a26ec35f2031ef6387dfe6d5c304c6ca3"}
,"/Users/michaelye/code/hr-fec/update-module/client/src/components/CommentsFeed.jsx": {"path":"/Users/michaelye/code/hr-fec/update-module/client/src/components/CommentsFeed.jsx","statementMap":{"0":{"start":{"line":4,"column":21},"end":{"line":17,"column":1}},"1":{"start":{"line":5,"column":4},"end":{"line":16,"column":10}},"2":{"start":{"line":15,"column":44},"end":{"line":15,"column":90}}},"fnMap":{"0":{"name":"(anonymous_0)","decl":{"start":{"line":4,"column":21},"end":{"line":4,"column":22}},"loc":{"start":{"line":5,"column":4},"end":{"line":16,"column":10}},"line":5},"1":{"name":"(anonymous_1)","decl":{"start":{"line":15,"column":28},"end":{"line":15,"column":29}},"loc":{"start":{"line":15,"column":44},"end":{"line":15,"column":90}},"line":15}},"branchMap":{},"s":{"0":1,"1":1,"2":0},"f":{"0":1,"1":0},"b":{},"_coverageSchema":"332fd63041d2c1bcb487cc26dd0d5f7d97098a6c","hash":"8a48f761588a3cf86e02fb10718ef79afae12d82"}
,"/Users/michaelye/code/hr-fec/update-module/client/src/components/UpdateListItem.jsx": {"path":"/Users/michaelye/code/hr-fec/update-module/client/src/components/UpdateListItem.jsx","statementMap":{"0":{"start":{"line":4,"column":23},"end":{"line":35,"column":1}},"1":{"start":{"line":5,"column":4},"end":{"line":34,"column":10}},"2":{"start":{"line":7,"column":106},"end":{"line":7,"column":143}},"3":{"start":{"line":10,"column":16},"end":{"line":16,"column":17}},"4":{"start":{"line":11,"column":20},"end":{"line":11,"column":49}},"5":{"start":{"line":12,"column":23},"end":{"line":16,"column":17}},"6":{"start":{"line":13,"column":20},"end":{"line":13,"column":49}},"7":{"start":{"line":15,"column":20},"end":{"line":15,"column":49}},"8":{"start":{"line":22,"column":20},"end":{"line":24,"column":35}},"9":{"start":{"line":22,"column":60},"end":{"line":22,"column":109}},"10":{"start":{"line":23,"column":25},"end":{"line":24,"column":35}},"11":{"start":{"line":23,"column":67},"end":{"line":23,"column":115}},"12":{"start":{"line":24,"column":27},"end":{"line":24,"column":33}},"13":{"start":{"line":28,"column":20},"end":{"line":30,"column":35}},"14":{"start":{"line":28,"column":50},"end":{"line":28,"column":86}},"15":{"start":{"line":29,"column":25},"end":{"line":30,"column":35}},"16":{"start":{"line":29,"column":57},"end":{"line":29,"column":92}},"17":{"start":{"line":30,"column":27},"end":{"line":30,"column":33}}},"fnMap":{"0":{"name":"(anonymous_0)","decl":{"start":{"line":4,"column":23},"end":{"line":4,"column":24}},"loc":{"start":{"line":5,"column":4},"end":{"line":34,"column":10}},"line":5},"1":{"name":"(anonymous_1)","decl":{"start":{"line":7,"column":100},"end":{"line":7,"column":101}},"loc":{"start":{"line":7,"column":106},"end":{"line":7,"column":143}},"line":7},"2":{"name":"(anonymous_2)","decl":{"start":{"line":9,"column":59},"end":{"line":9,"column":60}},"loc":{"start":{"line":9,"column":63},"end":{"line":17,"column":13}},"line":9},"3":{"name":"(anonymous_3)","decl":{"start":{"line":21,"column":52},"end":{"line":21,"column":53}},"loc":{"start":{"line":21,"column":58},"end":{"line":25,"column":17}},"line":21},"4":{"name":"(anonymous_4)","decl":{"start":{"line":27,"column":50},"end":{"line":27,"column":51}},"loc":{"start":{"line":27,"column":56},"end":{"line":31,"column":17}},"line":27}},"branchMap":{"0":{"loc":{"start":{"line":6,"column":24},"end":{"line":6,"column":79}},"type":"cond-expr","locations":[{"start":{"line":6,"column":39},"end":{"line":6,"column":58}},{"start":{"line":6,"column":61},"end":{"line":6,"column":79}}],"line":6},"1":{"loc":{"start":{"line":7,"column":24},"end":{"line":7,"column":89}},"type":"cond-expr","locations":[{"start":{"line":7,"column":39},"end":{"line":7,"column":63}},{"start":{"line":7,"column":66},"end":{"line":7,"column":89}}],"line":7},"2":{"loc":{"start":{"line":10,"column":16},"end":{"line":16,"column":17}},"type":"if","locations":[{"start":{"line":10,"column":16},"end":{"line":16,"column":17}},{"start":{"line":10,"column":16},"end":{"line":16,"column":17}}],"line":10},"3":{"loc":{"start":{"line":12,"column":23},"end":{"line":16,"column":17}},"type":"if","locations":[{"start":{"line":12,"column":23},"end":{"line":16,"column":17}},{"start":{"line":12,"column":23},"end":{"line":16,"column":17}}],"line":12},"4":{"loc":{"start":{"line":18,"column":40},"end":{"line":19,"column":87}},"type":"cond-expr","locations":[{"start":{"line":19,"column":16},"end":{"line":19,"column":67}},{"start":{"line":19,"column":70},"end":{"line":19,"column":87}}],"line":18},"5":{"loc":{"start":{"line":22,"column":20},"end":{"line":24,"column":35}},"type":"if","locations":[{"start":{"line":22,"column":20},"end":{"line":24,"column":35}},{"start":{"line":22,"column":20},"end":{"line":24,"column":35}}],"line":22},"6":{"loc":{"start":{"line":23,"column":25},"end":{"line":24,"column":35}},"type":"if","locations":[{"start":{"line":23,"column":25},"end":{"line":24,"column":35}},{"start":{"line":23,"column":25},"end":{"line":24,"column":35}}],"line":23},"7":{"loc":{"start":{"line":28,"column":20},"end":{"line":30,"column":35}},"type":"if","locations":[{"start":{"line":28,"column":20},"end":{"line":30,"column":35}},{"start":{"line":28,"column":20},"end":{"line":30,"column":35}}],"line":28},"8":{"loc":{"start":{"line":29,"column":25},"end":{"line":30,"column":35}},"type":"if","locations":[{"start":{"line":29,"column":25},"end":{"line":30,"column":35}},{"start":{"line":29,"column":25},"end":{"line":30,"column":35}}],"line":29}},"s":{"0":1,"1":2,"2":0,"3":2,"4":1,"5":1,"6":0,"7":1,"8":2,"9":0,"10":2,"11":0,"12":2,"13":2,"14":2,"15":0,"16":0,"17":0},"f":{"0":2,"1":0,"2":2,"3":2,"4":2},"b":{"0":[1,1],"1":[1,1],"2":[1,1],"3":[0,1],"4":[2,0],"5":[0,2],"6":[0,2],"7":[2,0],"8":[0,0]},"_coverageSchema":"332fd63041d2c1bcb487cc26dd0d5f7d97098a6c","hash":"858f8b3723421260e6b80db6974238531424f9b8"}
,"/Users/michaelye/code/hr-fec/update-module/client/src/components/UpdatePostCommentFeed.jsx": {"path":"/Users/michaelye/code/hr-fec/update-module/client/src/components/UpdatePostCommentFeed.jsx","statementMap":{"0":{"start":{"line":4,"column":30},"end":{"line":12,"column":1}},"1":{"start":{"line":5,"column":4},"end":{"line":11,"column":10}},"2":{"start":{"line":10,"column":43},"end":{"line":10,"column":98}}},"fnMap":{"0":{"name":"(anonymous_0)","decl":{"start":{"line":4,"column":30},"end":{"line":4,"column":31}},"loc":{"start":{"line":5,"column":4},"end":{"line":11,"column":10}},"line":5},"1":{"name":"(anonymous_1)","decl":{"start":{"line":10,"column":28},"end":{"line":10,"column":29}},"loc":{"start":{"line":10,"column":43},"end":{"line":10,"column":98}},"line":10}},"branchMap":{},"s":{"0":1,"1":1,"2":0},"f":{"0":1,"1":0},"b":{},"_coverageSchema":"332fd63041d2c1bcb487cc26dd0d5f7d97098a6c","hash":"05e68e9e4c8aa87964d478d2173c94a4e08f329f"}
,"/Users/michaelye/code/hr-fec/update-module/client/src/components/UpdatePostCommentItem.jsx": {"path":"/Users/michaelye/code/hr-fec/update-module/client/src/components/UpdatePostCommentItem.jsx","statementMap":{"0":{"start":{"line":4,"column":30},"end":{"line":14,"column":1}},"1":{"start":{"line":5,"column":4},"end":{"line":13,"column":10}}},"fnMap":{"0":{"name":"(anonymous_0)","decl":{"start":{"line":4,"column":30},"end":{"line":4,"column":31}},"loc":{"start":{"line":5,"column":4},"end":{"line":13,"column":10}},"line":5}},"branchMap":{},"s":{"0":1,"1":0},"f":{"0":0},"b":{},"_coverageSchema":"332fd63041d2c1bcb487cc26dd0d5f7d97098a6c","hash":"a7b236accbb51d767790907e05c0c53dee3ca12b"}
,"/Users/michaelye/code/hr-fec/update-module/client/src/components/UpdatePostView.jsx": {"path":"/Users/michaelye/code/hr-fec/update-module/client/src/components/UpdatePostView.jsx","statementMap":{"0":{"start":{"line":5,"column":23},"end":{"line":24,"column":1}},"1":{"start":{"line":6,"column":5},"end":{"line":23,"column":10}},"2":{"start":{"line":16,"column":21},"end":{"line":16,"column":171}},"3":{"start":{"line":16,"column":52},"end":{"line":16,"column":171}},"4":{"start":{"line":16,"column":96},"end":{"line":16,"column":140}},"5":{"start":{"line":17,"column":21},"end":{"line":17,"column":155}},"6":{"start":{"line":17,"column":48},"end":{"line":17,"column":155}},"7":{"start":{"line":17,"column":88},"end":{"line":17,"column":128}}},"fnMap":{"0":{"name":"(anonymous_0)","decl":{"start":{"line":5,"column":23},"end":{"line":5,"column":24}},"loc":{"start":{"line":6,"column":5},"end":{"line":23,"column":10}},"line":6},"1":{"name":"(anonymous_1)","decl":{"start":{"line":16,"column":14},"end":{"line":16,"column":15}},"loc":{"start":{"line":16,"column":20},"end":{"line":16,"column":172}},"line":16},"2":{"name":"(anonymous_2)","decl":{"start":{"line":16,"column":90},"end":{"line":16,"column":91}},"loc":{"start":{"line":16,"column":96},"end":{"line":16,"column":140}},"line":16},"3":{"name":"(anonymous_3)","decl":{"start":{"line":17,"column":14},"end":{"line":17,"column":15}},"loc":{"start":{"line":17,"column":20},"end":{"line":17,"column":156}},"line":17},"4":{"name":"(anonymous_4)","decl":{"start":{"line":17,"column":82},"end":{"line":17,"column":83}},"loc":{"start":{"line":17,"column":88},"end":{"line":17,"column":128}},"line":17}},"branchMap":{"0":{"loc":{"start":{"line":10,"column":52},"end":{"line":10,"column":177}},"type":"cond-expr","locations":[{"start":{"line":10,"column":89},"end":{"line":10,"column":131}},{"start":{"line":10,"column":134},"end":{"line":10,"column":177}}],"line":10},"1":{"loc":{"start":{"line":12,"column":50},"end":{"line":12,"column":137}},"type":"cond-expr","locations":[{"start":{"line":12,"column":77},"end":{"line":12,"column":105}},{"start":{"line":12,"column":108},"end":{"line":12,"column":137}}],"line":12},"2":{"loc":{"start":{"line":16,"column":21},"end":{"line":16,"column":171}},"type":"if","locations":[{"start":{"line":16,"column":21},"end":{"line":16,"column":171}},{"start":{"line":16,"column":21},"end":{"line":16,"column":171}}],"line":16},"3":{"loc":{"start":{"line":17,"column":21},"end":{"line":17,"column":155}},"type":"if","locations":[{"start":{"line":17,"column":21},"end":{"line":17,"column":155}},{"start":{"line":17,"column":21},"end":{"line":17,"column":155}}],"line":17}},"s":{"0":1,"1":1,"2":1,"3":0,"4":0,"5":1,"6":0,"7":0},"f":{"0":1,"1":1,"2":0,"3":1,"4":0},"b":{"0":[0,1],"1":[0,1],"2":[0,1],"3":[0,1]},"_coverageSchema":"332fd63041d2c1bcb487cc26dd0d5f7d97098a6c","hash":"f2fee16364cee3883e43156adf867ab11d5e4c68"}
,"/Users/michaelye/code/hr-fec/update-module/client/src/components/Updates.jsx": {"path":"/Users/michaelye/code/hr-fec/update-module/client/src/components/Updates.jsx","statementMap":{"0":{"start":{"line":5,"column":16},"end":{"line":28,"column":1}},"1":{"start":{"line":6,"column":4},"end":{"line":27,"column":10}},"2":{"start":{"line":8,"column":31},"end":{"line":8,"column":32}},"3":{"start":{"line":10,"column":32},"end":{"line":16,"column":13}},"4":{"start":{"line":11,"column":16},"end":{"line":15,"column":17}},"5":{"start":{"line":12,"column":20},"end":{"line":12,"column":37}},"6":{"start":{"line":14,"column":20},"end":{"line":14,"column":35}},"7":{"start":{"line":18,"column":12},"end":{"line":21,"column":98}},"8":{"start":{"line":19,"column":16},"end":{"line":19,"column":29}},"9":{"start":{"line":20,"column":16},"end":{"line":21,"column":96}}},"fnMap":{"0":{"name":"(anonymous_0)","decl":{"start":{"line":5,"column":16},"end":{"line":5,"column":17}},"loc":{"start":{"line":6,"column":4},"end":{"line":27,"column":10}},"line":6},"1":{"name":"(anonymous_1)","decl":{"start":{"line":7,"column":10},"end":{"line":7,"column":11}},"loc":{"start":{"line":7,"column":14},"end":{"line":22,"column":9}},"line":7},"2":{"name":"(anonymous_2)","decl":{"start":{"line":10,"column":32},"end":{"line":10,"column":33}},"loc":{"start":{"line":10,"column":38},"end":{"line":16,"column":13}},"line":10},"3":{"name":"(anonymous_3)","decl":{"start":{"line":18,"column":37},"end":{"line":18,"column":38}},"loc":{"start":{"line":18,"column":52},"end":{"line":21,"column":97}},"line":18}},"branchMap":{"0":{"loc":{"start":{"line":11,"column":16},"end":{"line":15,"column":17}},"type":"if","locations":[{"start":{"line":11,"column":16},"end":{"line":15,"column":17}},{"start":{"line":11,"column":16},"end":{"line":15,"column":17}}],"line":11}},"s":{"0":1,"1":3,"2":3,"3":3,"4":1,"5":0,"6":1,"7":3,"8":1,"9":1},"f":{"0":3,"1":3,"2":1,"3":1},"b":{"0":[0,1]},"_coverageSchema":"332fd63041d2c1bcb487cc26dd0d5f7d97098a6c","hash":"34441435ce47dc7d4118046c6d6a5fb18d176dc7"}
,"/Users/michaelye/code/hr-fec/update-module/test/jestsetup.js": {"path":"/Users/michaelye/code/hr-fec/update-module/test/jestsetup.js","statementMap":{"0":{"start":{"line":4,"column":0},"end":{"line":4,"column":45}},"1":{"start":{"line":6,"column":0},"end":{"line":6,"column":25}},"2":{"start":{"line":7,"column":0},"end":{"line":7,"column":23}},"3":{"start":{"line":8,"column":0},"end":{"line":8,"column":21}}},"fnMap":{},"branchMap":{},"s":{"0":1,"1":1,"2":1,"3":1},"f":{},"b":{},"_coverageSchema":"332fd63041d2c1bcb487cc26dd0d5f7d97098a6c","hash":"7c3480870c1cb14589164cd114742507d92c3d0e"}
}
