{"/Users/michaelye/CODE/update-module FEC/client/src/components/App.jsx": {"path":"/Users/michaelye/CODE/update-module FEC/client/src/components/App.jsx","statementMap":{"0":{"start":{"line":8,"column":8},"end":{"line":8,"column":16}},"1":{"start":{"line":9,"column":8},"end":{"line":61,"column":9}},"2":{"start":{"line":62,"column":8},"end":{"line":62,"column":53}},"3":{"start":{"line":66,"column":24},"end":{"line":66,"column":42}},"4":{"start":{"line":67,"column":8},"end":{"line":67,"column":36}},"5":{"start":{"line":69,"column":23},"end":{"line":69,"column":27}},"6":{"start":{"line":70,"column":19},"end":{"line":70,"column":23}},"7":{"start":{"line":71,"column":22},"end":{"line":71,"column":26}},"8":{"start":{"line":72,"column":8},"end":{"line":85,"column":9}},"9":{"start":{"line":74,"column":12},"end":{"line":84,"column":13}},"10":{"start":{"line":75,"column":16},"end":{"line":83,"column":17}},"11":{"start":{"line":76,"column":20},"end":{"line":76,"column":41}},"12":{"start":{"line":77,"column":20},"end":{"line":79,"column":21}},"13":{"start":{"line":78,"column":24},"end":{"line":78,"column":56}},"14":{"start":{"line":80,"column":20},"end":{"line":82,"column":21}},"15":{"start":{"line":81,"column":24},"end":{"line":81,"column":52}},"16":{"start":{"line":87,"column":8},"end":{"line":94,"column":10}},"17":{"start":{"line":112,"column":37},"end":{"line":112,"column":47}},"18":{"start":{"line":113,"column":8},"end":{"line":119,"column":9}},"19":{"start":{"line":114,"column":12},"end":{"line":114,"column":163}},"20":{"start":{"line":114,"column":141},"end":{"line":114,"column":159}},"21":{"start":{"line":115,"column":15},"end":{"line":119,"column":9}},"22":{"start":{"line":116,"column":12},"end":{"line":116,"column":66}},"23":{"start":{"line":118,"column":12},"end":{"line":118,"column":129}},"24":{"start":{"line":118,"column":107},"end":{"line":118,"column":125}},"25":{"start":{"line":123,"column":8},"end":{"line":134,"column":9}},"26":{"start":{"line":126,"column":61},"end":{"line":126,"column":87}},"27":{"start":{"line":127,"column":62},"end":{"line":127,"column":89}}},"fnMap":{"0":{"name":"(anonymous_0)","decl":{"start":{"line":7,"column":4},"end":{"line":7,"column":5}},"loc":{"start":{"line":7,"column":18},"end":{"line":63,"column":5}},"line":7},"1":{"name":"(anonymous_1)","decl":{"start":{"line":65,"column":4},"end":{"line":65,"column":5}},"loc":{"start":{"line":65,"column":23},"end":{"line":95,"column":5}},"line":65},"2":{"name":"(anonymous_2)","decl":{"start":{"line":111,"column":4},"end":{"line":111,"column":5}},"loc":{"start":{"line":111,"column":17},"end":{"line":120,"column":5}},"line":111},"3":{"name":"(anonymous_3)","decl":{"start":{"line":114,"column":134},"end":{"line":114,"column":135}},"loc":{"start":{"line":114,"column":141},"end":{"line":114,"column":159}},"line":114},"4":{"name":"(anonymous_4)","decl":{"start":{"line":118,"column":100},"end":{"line":118,"column":101}},"loc":{"start":{"line":118,"column":107},"end":{"line":118,"column":125}},"line":118},"5":{"name":"(anonymous_5)","decl":{"start":{"line":122,"column":4},"end":{"line":122,"column":5}},"loc":{"start":{"line":122,"column":13},"end":{"line":135,"column":5}},"line":122},"6":{"name":"(anonymous_6)","decl":{"start":{"line":126,"column":55},"end":{"line":126,"column":56}},"loc":{"start":{"line":126,"column":61},"end":{"line":126,"column":87}},"line":126},"7":{"name":"(anonymous_7)","decl":{"start":{"line":127,"column":56},"end":{"line":127,"column":57}},"loc":{"start":{"line":127,"column":62},"end":{"line":127,"column":89}},"line":127}},"branchMap":{"0":{"loc":{"start":{"line":72,"column":8},"end":{"line":85,"column":9}},"type":"if","locations":[{"start":{"line":72,"column":8},"end":{"line":85,"column":9}},{"start":{"line":72,"column":8},"end":{"line":85,"column":9}}],"line":72},"1":{"loc":{"start":{"line":72,"column":12},"end":{"line":72,"column":57}},"type":"binary-expr","locations":[{"start":{"line":72,"column":12},"end":{"line":72,"column":32}},{"start":{"line":72,"column":36},"end":{"line":72,"column":57}}],"line":72},"2":{"loc":{"start":{"line":75,"column":16},"end":{"line":83,"column":17}},"type":"if","locations":[{"start":{"line":75,"column":16},"end":{"line":83,"column":17}},{"start":{"line":75,"column":16},"end":{"line":83,"column":17}}],"line":75},"3":{"loc":{"start":{"line":77,"column":20},"end":{"line":79,"column":21}},"type":"if","locations":[{"start":{"line":77,"column":20},"end":{"line":79,"column":21}},{"start":{"line":77,"column":20},"end":{"line":79,"column":21}}],"line":77},"4":{"loc":{"start":{"line":80,"column":20},"end":{"line":82,"column":21}},"type":"if","locations":[{"start":{"line":80,"column":20},"end":{"line":82,"column":21}},{"start":{"line":80,"column":20},"end":{"line":82,"column":21}}],"line":80},"5":{"loc":{"start":{"line":113,"column":8},"end":{"line":119,"column":9}},"type":"if","locations":[{"start":{"line":113,"column":8},"end":{"line":119,"column":9}},{"start":{"line":113,"column":8},"end":{"line":119,"column":9}}],"line":113},"6":{"loc":{"start":{"line":115,"column":15},"end":{"line":119,"column":9}},"type":"if","locations":[{"start":{"line":115,"column":15},"end":{"line":119,"column":9}},{"start":{"line":115,"column":15},"end":{"line":119,"column":9}}],"line":115}},"s":{"0":2,"1":2,"2":2,"3":0,"4":0,"5":0,"6":0,"7":0,"8":0,"9":0,"10":0,"11":0,"12":0,"13":0,"14":0,"15":0,"16":0,"17":2,"18":2,"19":2,"20":0,"21":0,"22":0,"23":0,"24":0,"25":2,"26":0,"27":0},"f":{"0":2,"1":0,"2":2,"3":0,"4":0,"5":2,"6":0,"7":0},"b":{"0":[0,0],"1":[0,0],"2":[0,0],"3":[0,0],"4":[0,0],"5":[2,0],"6":[0,0]},"_coverageSchema":"332fd63041d2c1bcb487cc26dd0d5f7d97098a6c","hash":"c7b2a03d75d5875912d543afcb44d9db6f4d6160"}
,"/Users/michaelye/CODE/update-module FEC/client/src/components/CommentItem.jsx": {"path":"/Users/michaelye/CODE/update-module FEC/client/src/components/CommentItem.jsx","statementMap":{"0":{"start":{"line":4,"column":20},"end":{"line":11,"column":1}},"1":{"start":{"line":5,"column":4},"end":{"line":10,"column":10}}},"fnMap":{"0":{"name":"(anonymous_0)","decl":{"start":{"line":4,"column":20},"end":{"line":4,"column":21}},"loc":{"start":{"line":5,"column":4},"end":{"line":10,"column":10}},"line":5}},"branchMap":{},"s":{"0":1,"1":0},"f":{"0":0},"b":{},"_coverageSchema":"332fd63041d2c1bcb487cc26dd0d5f7d97098a6c","hash":"acdfdbbc9b2038a51b400858789c88aa71df2639"}
,"/Users/michaelye/CODE/update-module FEC/client/src/components/CommentsFeed.jsx": {"path":"/Users/michaelye/CODE/update-module FEC/client/src/components/CommentsFeed.jsx","statementMap":{"0":{"start":{"line":4,"column":21},"end":{"line":14,"column":1}},"1":{"start":{"line":5,"column":4},"end":{"line":13,"column":10}},"2":{"start":{"line":12,"column":44},"end":{"line":12,"column":90}}},"fnMap":{"0":{"name":"(anonymous_0)","decl":{"start":{"line":4,"column":21},"end":{"line":4,"column":22}},"loc":{"start":{"line":5,"column":4},"end":{"line":13,"column":10}},"line":5},"1":{"name":"(anonymous_1)","decl":{"start":{"line":12,"column":28},"end":{"line":12,"column":29}},"loc":{"start":{"line":12,"column":44},"end":{"line":12,"column":90}},"line":12}},"branchMap":{},"s":{"0":1,"1":0,"2":0},"f":{"0":0,"1":0},"b":{},"_coverageSchema":"332fd63041d2c1bcb487cc26dd0d5f7d97098a6c","hash":"c0d4b437dfa0bf69c632c3e36ed97384c0bbf804"}
,"/Users/michaelye/CODE/update-module FEC/client/src/components/UpdateListItem.jsx": {"path":"/Users/michaelye/CODE/update-module FEC/client/src/components/UpdateListItem.jsx","statementMap":{"0":{"start":{"line":4,"column":23},"end":{"line":23,"column":1}},"1":{"start":{"line":5,"column":4},"end":{"line":22,"column":10}},"2":{"start":{"line":5,"column":46},"end":{"line":5,"column":83}},"3":{"start":{"line":12,"column":16},"end":{"line":14,"column":29}},"4":{"start":{"line":12,"column":55},"end":{"line":12,"column":104}},"5":{"start":{"line":13,"column":21},"end":{"line":14,"column":29}},"6":{"start":{"line":13,"column":62},"end":{"line":13,"column":110}},"7":{"start":{"line":14,"column":22},"end":{"line":14,"column":28}},"8":{"start":{"line":17,"column":16},"end":{"line":19,"column":29}},"9":{"start":{"line":17,"column":45},"end":{"line":17,"column":81}},"10":{"start":{"line":18,"column":21},"end":{"line":19,"column":29}},"11":{"start":{"line":18,"column":52},"end":{"line":18,"column":87}},"12":{"start":{"line":19,"column":22},"end":{"line":19,"column":28}}},"fnMap":{"0":{"name":"(anonymous_0)","decl":{"start":{"line":4,"column":23},"end":{"line":4,"column":24}},"loc":{"start":{"line":5,"column":4},"end":{"line":22,"column":10}},"line":5},"1":{"name":"(anonymous_1)","decl":{"start":{"line":5,"column":40},"end":{"line":5,"column":41}},"loc":{"start":{"line":5,"column":46},"end":{"line":5,"column":83}},"line":5},"2":{"name":"(anonymous_2)","decl":{"start":{"line":11,"column":48},"end":{"line":11,"column":49}},"loc":{"start":{"line":11,"column":52},"end":{"line":14,"column":30}},"line":11},"3":{"name":"(anonymous_3)","decl":{"start":{"line":16,"column":46},"end":{"line":16,"column":47}},"loc":{"start":{"line":16,"column":52},"end":{"line":19,"column":30}},"line":16}},"branchMap":{"0":{"loc":{"start":{"line":8,"column":36},"end":{"line":9,"column":83}},"type":"cond-expr","locations":[{"start":{"line":9,"column":12},"end":{"line":9,"column":63}},{"start":{"line":9,"column":66},"end":{"line":9,"column":83}}],"line":8},"1":{"loc":{"start":{"line":12,"column":16},"end":{"line":14,"column":29}},"type":"if","locations":[{"start":{"line":12,"column":16},"end":{"line":14,"column":29}},{"start":{"line":12,"column":16},"end":{"line":14,"column":29}}],"line":12},"2":{"loc":{"start":{"line":13,"column":21},"end":{"line":14,"column":29}},"type":"if","locations":[{"start":{"line":13,"column":21},"end":{"line":14,"column":29}},{"start":{"line":13,"column":21},"end":{"line":14,"column":29}}],"line":13},"3":{"loc":{"start":{"line":17,"column":16},"end":{"line":19,"column":29}},"type":"if","locations":[{"start":{"line":17,"column":16},"end":{"line":19,"column":29}},{"start":{"line":17,"column":16},"end":{"line":19,"column":29}}],"line":17},"4":{"loc":{"start":{"line":18,"column":21},"end":{"line":19,"column":29}},"type":"if","locations":[{"start":{"line":18,"column":21},"end":{"line":19,"column":29}},{"start":{"line":18,"column":21},"end":{"line":19,"column":29}}],"line":18}},"s":{"0":1,"1":0,"2":0,"3":0,"4":0,"5":0,"6":0,"7":0,"8":0,"9":0,"10":0,"11":0,"12":0},"f":{"0":0,"1":0,"2":0,"3":0},"b":{"0":[0,0],"1":[0,0],"2":[0,0],"3":[0,0],"4":[0,0]},"_coverageSchema":"332fd63041d2c1bcb487cc26dd0d5f7d97098a6c","hash":"6df75b33c76b16bac496921b35d5f3cb56928567"}
,"/Users/michaelye/CODE/update-module FEC/client/src/components/UpdatePostCommentFeed.jsx": {"path":"/Users/michaelye/CODE/update-module FEC/client/src/components/UpdatePostCommentFeed.jsx","statementMap":{"0":{"start":{"line":4,"column":30},"end":{"line":10,"column":1}},"1":{"start":{"line":5,"column":4},"end":{"line":9,"column":10}},"2":{"start":{"line":8,"column":43},"end":{"line":8,"column":98}}},"fnMap":{"0":{"name":"(anonymous_0)","decl":{"start":{"line":4,"column":30},"end":{"line":4,"column":31}},"loc":{"start":{"line":5,"column":4},"end":{"line":9,"column":10}},"line":5},"1":{"name":"(anonymous_1)","decl":{"start":{"line":8,"column":28},"end":{"line":8,"column":29}},"loc":{"start":{"line":8,"column":43},"end":{"line":8,"column":98}},"line":8}},"branchMap":{},"s":{"0":1,"1":0,"2":0},"f":{"0":0,"1":0},"b":{},"_coverageSchema":"332fd63041d2c1bcb487cc26dd0d5f7d97098a6c","hash":"78298c2d00f5d6236fbe39b9c6bb68252c526390"}
,"/Users/michaelye/CODE/update-module FEC/client/src/components/UpdatePostCommentItem.jsx": {"path":"/Users/michaelye/CODE/update-module FEC/client/src/components/UpdatePostCommentItem.jsx","statementMap":{"0":{"start":{"line":4,"column":30},"end":{"line":11,"column":1}},"1":{"start":{"line":5,"column":4},"end":{"line":10,"column":10}}},"fnMap":{"0":{"name":"(anonymous_0)","decl":{"start":{"line":4,"column":30},"end":{"line":4,"column":31}},"loc":{"start":{"line":5,"column":4},"end":{"line":10,"column":10}},"line":5}},"branchMap":{},"s":{"0":1,"1":0},"f":{"0":0},"b":{},"_coverageSchema":"332fd63041d2c1bcb487cc26dd0d5f7d97098a6c","hash":"4ac482394aa9befdda0aabd4ddedbeddeab52b68"}
,"/Users/michaelye/CODE/update-module FEC/client/src/components/UpdatePostView.jsx": {"path":"/Users/michaelye/CODE/update-module FEC/client/src/components/UpdatePostView.jsx","statementMap":{"0":{"start":{"line":5,"column":23},"end":{"line":22,"column":1}},"1":{"start":{"line":6,"column":5},"end":{"line":21,"column":10}},"2":{"start":{"line":16,"column":21},"end":{"line":16,"column":171}},"3":{"start":{"line":16,"column":52},"end":{"line":16,"column":171}},"4":{"start":{"line":16,"column":96},"end":{"line":16,"column":140}},"5":{"start":{"line":17,"column":21},"end":{"line":17,"column":155}},"6":{"start":{"line":17,"column":48},"end":{"line":17,"column":155}},"7":{"start":{"line":17,"column":88},"end":{"line":17,"column":128}}},"fnMap":{"0":{"name":"(anonymous_0)","decl":{"start":{"line":5,"column":23},"end":{"line":5,"column":24}},"loc":{"start":{"line":6,"column":5},"end":{"line":21,"column":10}},"line":6},"1":{"name":"(anonymous_1)","decl":{"start":{"line":16,"column":14},"end":{"line":16,"column":15}},"loc":{"start":{"line":16,"column":20},"end":{"line":16,"column":172}},"line":16},"2":{"name":"(anonymous_2)","decl":{"start":{"line":16,"column":90},"end":{"line":16,"column":91}},"loc":{"start":{"line":16,"column":96},"end":{"line":16,"column":140}},"line":16},"3":{"name":"(anonymous_3)","decl":{"start":{"line":17,"column":14},"end":{"line":17,"column":15}},"loc":{"start":{"line":17,"column":20},"end":{"line":17,"column":156}},"line":17},"4":{"name":"(anonymous_4)","decl":{"start":{"line":17,"column":82},"end":{"line":17,"column":83}},"loc":{"start":{"line":17,"column":88},"end":{"line":17,"column":128}},"line":17}},"branchMap":{"0":{"loc":{"start":{"line":10,"column":52},"end":{"line":10,"column":177}},"type":"cond-expr","locations":[{"start":{"line":10,"column":89},"end":{"line":10,"column":131}},{"start":{"line":10,"column":134},"end":{"line":10,"column":177}}],"line":10},"1":{"loc":{"start":{"line":12,"column":50},"end":{"line":12,"column":137}},"type":"cond-expr","locations":[{"start":{"line":12,"column":77},"end":{"line":12,"column":105}},{"start":{"line":12,"column":108},"end":{"line":12,"column":137}}],"line":12},"2":{"loc":{"start":{"line":16,"column":21},"end":{"line":16,"column":171}},"type":"if","locations":[{"start":{"line":16,"column":21},"end":{"line":16,"column":171}},{"start":{"line":16,"column":21},"end":{"line":16,"column":171}}],"line":16},"3":{"loc":{"start":{"line":17,"column":21},"end":{"line":17,"column":155}},"type":"if","locations":[{"start":{"line":17,"column":21},"end":{"line":17,"column":155}},{"start":{"line":17,"column":21},"end":{"line":17,"column":155}}],"line":17}},"s":{"0":1,"1":0,"2":0,"3":0,"4":0,"5":0,"6":0,"7":0},"f":{"0":0,"1":0,"2":0,"3":0,"4":0},"b":{"0":[0,0],"1":[0,0],"2":[0,0],"3":[0,0]},"_coverageSchema":"332fd63041d2c1bcb487cc26dd0d5f7d97098a6c","hash":"71bf5fbe71fd1073a30803dbf9c9ce7a29d3eabd"}
,"/Users/michaelye/CODE/update-module FEC/client/src/components/Updates.jsx": {"path":"/Users/michaelye/CODE/update-module FEC/client/src/components/Updates.jsx","statementMap":{"0":{"start":{"line":5,"column":16},"end":{"line":13,"column":1}},"1":{"start":{"line":6,"column":4},"end":{"line":12,"column":10}},"2":{"start":{"line":7,"column":42},"end":{"line":7,"column":120}}},"fnMap":{"0":{"name":"(anonymous_0)","decl":{"start":{"line":5,"column":16},"end":{"line":5,"column":17}},"loc":{"start":{"line":6,"column":4},"end":{"line":12,"column":10}},"line":6},"1":{"name":"(anonymous_1)","decl":{"start":{"line":7,"column":27},"end":{"line":7,"column":28}},"loc":{"start":{"line":7,"column":42},"end":{"line":7,"column":120}},"line":7}},"branchMap":{},"s":{"0":1,"1":2,"2":0},"f":{"0":2,"1":0},"b":{},"_coverageSchema":"332fd63041d2c1bcb487cc26dd0d5f7d97098a6c","hash":"39da91d50998ac9800763863494e9212630b89f8"}
,"/Users/michaelye/CODE/update-module FEC/test/jestsetup.js": {"path":"/Users/michaelye/CODE/update-module FEC/test/jestsetup.js","statementMap":{"0":{"start":{"line":4,"column":0},"end":{"line":4,"column":45}},"1":{"start":{"line":6,"column":0},"end":{"line":6,"column":25}},"2":{"start":{"line":7,"column":0},"end":{"line":7,"column":23}},"3":{"start":{"line":8,"column":0},"end":{"line":8,"column":21}}},"fnMap":{},"branchMap":{},"s":{"0":1,"1":1,"2":1,"3":1},"f":{},"b":{},"_coverageSchema":"332fd63041d2c1bcb487cc26dd0d5f7d97098a6c","hash":"ac88262e8510f6fa3431fd00cc3b54e9b17bfcb4"}
}
