TN:
SF:/Users/michaelye/code/hr-fec/update-module/client/src/components/App.jsx
FN:9,(anonymous_0)
FN:26,(anonymous_1)
FN:58,(anonymous_2)
FN:62,(anonymous_3)
FN:70,(anonymous_4)
FN:75,(anonymous_5)
FN:78,(anonymous_6)
FN:82,(anonymous_7)
FN:86,(anonymous_8)
FNF:9
FNH:5
FNDA:4,(anonymous_0)
FNDA:2,(anonymous_1)
FNDA:4,(anonymous_2)
FNDA:0,(anonymous_3)
FNDA:0,(anonymous_4)
FNDA:7,(anonymous_5)
FNDA:0,(anonymous_6)
FNDA:0,(anonymous_7)
FNDA:7,(anonymous_8)
DA:10,4
DA:11,4
DA:23,4
DA:27,2
DA:28,2
DA:30,2
DA:31,2
DA:32,2
DA:33,2
DA:35,1
DA:36,1
DA:37,1
DA:38,1
DA:39,0
DA:41,1
DA:42,0
DA:48,2
DA:59,4
DA:61,4
DA:63,0
DA:64,0
DA:71,0
DA:76,7
DA:77,7
DA:78,5
DA:79,2
DA:80,1
DA:82,1
DA:87,7
LF:29
LH:24
BRDA:12,0,0,4
BRDA:12,0,1,4
BRDA:33,1,0,1
BRDA:33,1,1,1
BRDA:33,2,0,2
BRDA:33,2,1,2
BRDA:36,3,0,1
BRDA:36,3,1,0
BRDA:38,4,0,0
BRDA:38,4,1,1
BRDA:41,5,0,0
BRDA:41,5,1,1
BRDA:77,6,0,5
BRDA:77,6,1,2
BRDA:79,7,0,1
BRDA:79,7,1,1
BRF:16
BRH:13
end_of_record
TN:
SF:/Users/michaelye/code/hr-fec/update-module/client/src/components/CommentItem.jsx
FN:4,(anonymous_0)
FNF:1
FNH:0
FNDA:0,(anonymous_0)
DA:4,1
DA:5,0
LF:2
LH:1
BRF:0
BRH:0
end_of_record
TN:
SF:/Users/michaelye/code/hr-fec/update-module/client/src/components/CommentsFeed.jsx
FN:4,(anonymous_0)
FN:15,(anonymous_1)
FNF:2
FNH:1
FNDA:1,(anonymous_0)
FNDA:0,(anonymous_1)
DA:4,1
DA:5,1
DA:15,0
LF:3
LH:2
BRF:0
BRH:0
end_of_record
TN:
SF:/Users/michaelye/code/hr-fec/update-module/client/src/components/UpdateListItem.jsx
FN:4,(anonymous_0)
FN:7,(anonymous_1)
FN:9,(anonymous_2)
FN:21,(anonymous_3)
FN:27,(anonymous_4)
FNF:5
FNH:4
FNDA:2,(anonymous_0)
FNDA:0,(anonymous_1)
FNDA:2,(anonymous_2)
FNDA:2,(anonymous_3)
FNDA:2,(anonymous_4)
DA:4,1
DA:5,2
DA:7,0
DA:10,2
DA:11,1
DA:12,1
DA:13,0
DA:15,1
DA:22,2
DA:23,2
DA:24,2
DA:28,2
DA:29,0
DA:30,0
LF:14
LH:10
BRDA:6,0,0,1
BRDA:6,0,1,1
BRDA:7,1,0,1
BRDA:7,1,1,1
BRDA:10,2,0,1
BRDA:10,2,1,1
BRDA:12,3,0,0
BRDA:12,3,1,1
BRDA:18,4,0,2
BRDA:18,4,1,0
BRDA:22,5,0,0
BRDA:22,5,1,2
BRDA:23,6,0,0
BRDA:23,6,1,2
BRDA:28,7,0,2
BRDA:28,7,1,0
BRDA:29,8,0,0
BRDA:29,8,1,0
BRF:18
BRH:11
end_of_record
TN:
SF:/Users/michaelye/code/hr-fec/update-module/client/src/components/UpdatePostCommentFeed.jsx
FN:4,(anonymous_0)
FN:10,(anonymous_1)
FNF:2
FNH:1
FNDA:1,(anonymous_0)
FNDA:0,(anonymous_1)
DA:4,1
DA:5,1
DA:10,0
LF:3
LH:2
BRF:0
BRH:0
end_of_record
TN:
SF:/Users/michaelye/code/hr-fec/update-module/client/src/components/UpdatePostCommentItem.jsx
FN:4,(anonymous_0)
FNF:1
FNH:0
FNDA:0,(anonymous_0)
DA:4,1
DA:5,0
LF:2
LH:1
BRF:0
BRH:0
end_of_record
TN:
SF:/Users/michaelye/code/hr-fec/update-module/client/src/components/UpdatePostView.jsx
FN:5,(anonymous_0)
FN:16,(anonymous_1)
FN:16,(anonymous_2)
FN:17,(anonymous_3)
FN:17,(anonymous_4)
FNF:5
FNH:3
FNDA:1,(anonymous_0)
FNDA:1,(anonymous_1)
FNDA:0,(anonymous_2)
FNDA:1,(anonymous_3)
FNDA:0,(anonymous_4)
DA:5,1
DA:6,1
DA:16,1
DA:17,1
LF:4
LH:4
BRDA:10,0,0,0
BRDA:10,0,1,1
BRDA:12,1,0,0
BRDA:12,1,1,1
BRDA:16,2,0,0
BRDA:16,2,1,1
BRDA:17,3,0,0
BRDA:17,3,1,1
BRF:8
BRH:4
end_of_record
TN:
SF:/Users/michaelye/code/hr-fec/update-module/client/src/components/Updates.jsx
FN:5,(anonymous_0)
FN:7,(anonymous_1)
FN:10,(anonymous_2)
FN:18,(anonymous_3)
FNF:4
FNH:4
FNDA:3,(anonymous_0)
FNDA:3,(anonymous_1)
FNDA:1,(anonymous_2)
FNDA:1,(anonymous_3)
DA:5,1
DA:6,3
DA:8,3
DA:10,3
DA:11,1
DA:12,0
DA:14,1
DA:18,3
DA:19,1
DA:20,1
LF:10
LH:9
BRDA:11,0,0,0
BRDA:11,0,1,1
BRF:2
BRH:1
end_of_record
TN:
SF:/Users/michaelye/code/hr-fec/update-module/test/jestsetup.js
FNF:0
FNH:0
DA:4,1
DA:6,1
DA:7,1
DA:8,1
LF:4
LH:4
BRF:0
BRH:0
end_of_record
