TN:
SF:/Users/michaelye/CODE/update-module FEC/client/src/components/App.jsx
FN:7,(anonymous_0)
FN:65,(anonymous_1)
FN:111,(anonymous_2)
FN:114,(anonymous_3)
FN:118,(anonymous_4)
FN:122,(anonymous_5)
FN:126,(anonymous_6)
FN:127,(anonymous_7)
FNF:8
FNH:4
FNDA:4,(anonymous_0)
FNDA:2,(anonymous_1)
FNDA:6,(anonymous_2)
FNDA:0,(anonymous_3)
FNDA:0,(anonymous_4)
FNDA:6,(anonymous_5)
FNDA:0,(anonymous_6)
FNDA:0,(anonymous_7)
DA:8,4
DA:9,4
DA:62,4
DA:66,2
DA:67,2
DA:69,2
DA:70,2
DA:71,2
DA:72,2
DA:74,1
DA:75,2
DA:76,1
DA:77,1
DA:78,1
DA:80,1
DA:81,0
DA:87,2
DA:112,6
DA:113,6
DA:114,4
DA:115,2
DA:116,1
DA:118,1
DA:123,6
DA:126,0
DA:127,0
LF:26
LH:23
BRDA:72,0,0,1
BRDA:72,0,1,1
BRDA:72,1,0,2
BRDA:72,1,1,2
BRDA:75,2,0,1
BRDA:75,2,1,1
BRDA:77,3,0,1
BRDA:77,3,1,0
BRDA:80,4,0,0
BRDA:80,4,1,1
BRDA:113,5,0,4
BRDA:113,5,1,2
BRDA:115,6,0,1
BRDA:115,6,1,1
BRF:14
BRH:12
end_of_record
TN:
SF:/Users/michaelye/CODE/update-module FEC/client/src/components/CommentItem.jsx
FN:4,(anonymous_0)
FNF:1
FNH:1
FNDA:2,(anonymous_0)
DA:4,1
DA:5,2
LF:2
LH:2
BRF:0
BRH:0
end_of_record
TN:
SF:/Users/michaelye/CODE/update-module FEC/client/src/components/CommentsFeed.jsx
FN:4,(anonymous_0)
FN:12,(anonymous_1)
FNF:2
FNH:2
FNDA:1,(anonymous_0)
FNDA:2,(anonymous_1)
DA:4,1
DA:5,1
DA:12,2
LF:3
LH:3
BRF:0
BRH:0
end_of_record
TN:
SF:/Users/michaelye/CODE/update-module FEC/client/src/components/UpdateListItem.jsx
FN:4,(anonymous_0)
FN:5,(anonymous_1)
FN:11,(anonymous_2)
FN:16,(anonymous_3)
FNF:4
FNH:3
FNDA:4,(anonymous_0)
FNDA:0,(anonymous_1)
FNDA:4,(anonymous_2)
FNDA:4,(anonymous_3)
DA:4,1
DA:5,4
DA:12,4
DA:13,2
DA:14,0
DA:17,4
DA:18,0
DA:19,0
LF:8
LH:5
BRDA:8,0,0,2
BRDA:8,0,1,2
BRDA:12,1,0,2
BRDA:12,1,1,2
BRDA:13,2,0,2
BRDA:13,2,1,0
BRDA:17,3,0,4
BRDA:17,3,1,0
BRDA:18,4,0,0
BRDA:18,4,1,0
BRF:10
BRH:6
end_of_record
TN:
SF:/Users/michaelye/CODE/update-module FEC/client/src/components/UpdatePostCommentFeed.jsx
FN:4,(anonymous_0)
FN:8,(anonymous_1)
FNF:2
FNH:2
FNDA:1,(anonymous_0)
FNDA:1,(anonymous_1)
DA:4,1
DA:5,1
DA:8,1
LF:3
LH:3
BRF:0
BRH:0
end_of_record
TN:
SF:/Users/michaelye/CODE/update-module FEC/client/src/components/UpdatePostCommentItem.jsx
FN:4,(anonymous_0)
FNF:1
FNH:1
FNDA:1,(anonymous_0)
DA:4,1
DA:5,1
LF:2
LH:2
BRF:0
BRH:0
end_of_record
TN:
SF:/Users/michaelye/CODE/update-module FEC/client/src/components/UpdatePostView.jsx
FN:5,(anonymous_0)
FN:16,(anonymous_1)
FN:16,(anonymous_2)
FN:17,(anonymous_3)
FN:17,(anonymous_4)
FNF:5
FNH:3
FNDA:1,(anonymous_0)
FNDA:1,(anonymous_1)
FNDA:0,(anonymous_2)
FNDA:1,(anonymous_3)
FNDA:0,(anonymous_4)
DA:5,1
DA:6,1
DA:16,1
DA:17,1
LF:4
LH:4
BRDA:10,0,0,1
BRDA:10,0,1,0
BRDA:12,1,0,0
BRDA:12,1,1,1
BRDA:16,2,0,1
BRDA:16,2,1,0
BRDA:17,3,0,0
BRDA:17,3,1,1
BRF:8
BRH:4
end_of_record
TN:
SF:/Users/michaelye/CODE/update-module FEC/client/src/components/Updates.jsx
FN:5,(anonymous_0)
FN:7,(anonymous_1)
FNF:2
FNH:2
FNDA:2,(anonymous_0)
FNDA:4,(anonymous_1)
DA:5,1
DA:6,2
DA:7,4
LF:3
LH:3
BRF:0
BRH:0
end_of_record
TN:
SF:/Users/michaelye/CODE/update-module FEC/test/jestsetup.js
FNF:0
FNH:0
DA:4,1
DA:6,1
DA:7,1
DA:8,1
LF:4
LH:4
BRF:0
BRH:0
end_of_record
